2015-01-17 12:47:15,045 [main] ERROR o.e.r.m.a.MavenCentralFingerprintSearchAdvisor - Exception when querying Solr Server <http://search.maven.org/solrsearch>
org.apache.solr.client.solrj.SolrServerException: java.net.UnknownHostException: search.maven.org
	at org.apache.solr.client.solrj.impl.CommonsHttpSolrServer.request(CommonsHttpSolrServer.java:480) ~[org.apache.solr.client.solrj_3.5.0.v20120530-0900.jar:na]
	at org.apache.solr.client.solrj.impl.CommonsHttpSolrServer.request(CommonsHttpSolrServer.java:246) ~[org.apache.solr.client.solrj_3.5.0.v20120530-0900.jar:na]
	at org.apache.solr.client.solrj.request.QueryRequest.process(QueryRequest.java:89) ~[na:na]
	at org.apache.solr.client.solrj.SolrServer.query(SolrServer.java:266) ~[org.apache.solr.client.solrj_3.5.0.v20120530-0900.jar:na]
	at org.eclipse.recommenders.models.advisors.MavenCentralFingerprintSearchAdvisor.doSuggest(MavenCentralFingerprintSearchAdvisor.java:91) ~[org.eclipse.recommenders.models_2.1.9.v20140917-1240.jar:na]
	at org.eclipse.recommenders.models.advisors.AbstractProjectCoordinateAdvisor.suggest(AbstractProjectCoordinateAdvisor.java:29) [org.eclipse.recommenders.models_2.1.9.v20140917-1240.jar:na]
	at org.eclipse.recommenders.models.rcp.advisors.EclipseMavenCentralFingerprintSearchAdvisor.suggest(EclipseMavenCentralFingerprintSearchAdvisor.java:55) [org.eclipse.recommenders.models.rcp_2.1.9.v20140917-1240.jar:na]
	at org.eclipse.recommenders.models.advisors.ProjectCoordinateAdvisorService.suggest(ProjectCoordinateAdvisorService.java:52) [org.eclipse.recommenders.models_2.1.9.v20140917-1240.jar:na]
	at org.eclipse.recommenders.internal.models.rcp.EclipseProjectCoordinateAdvisorService$2.load(EclipseProjectCoordinateAdvisorService.java:101) [org.eclipse.recommenders.models.rcp_2.1.9.v20140917-1240.jar:na]
	at org.eclipse.recommenders.internal.models.rcp.EclipseProjectCoordinateAdvisorService$2.load(EclipseProjectCoordinateAdvisorService.java:1) [org.eclipse.recommenders.models.rcp_2.1.9.v20140917-1240.jar:na]
	at com.google.common.cache.LocalCache$LoadingValueReference.loadFuture(LocalCache.java:3522) [com.google.guava_15.0.0.v201403281430.jar:na]
	at com.google.common.cache.LocalCache$Segment.loadSync(LocalCache.java:2315) [com.google.guava_15.0.0.v201403281430.jar:na]
	at com.google.common.cache.LocalCache$Segment.lockedGetOrLoad(LocalCache.java:2278) [com.google.guava_15.0.0.v201403281430.jar:na]
	at com.google.common.cache.LocalCache$Segment.get(LocalCache.java:2193) [com.google.guava_15.0.0.v201403281430.jar:na]
	at com.google.common.cache.LocalCache.get(LocalCache.java:3932) [com.google.guava_15.0.0.v201403281430.jar:na]
	at com.google.common.cache.LocalCache.getOrLoad(LocalCache.java:3936) [com.google.guava_15.0.0.v201403281430.jar:na]
	at com.google.common.cache.LocalCache$LocalLoadingCache.get(LocalCache.java:4806) [com.google.guava_15.0.0.v201403281430.jar:na]
	at org.eclipse.recommenders.internal.models.rcp.EclipseProjectCoordinateAdvisorService.suggest(EclipseProjectCoordinateAdvisorService.java:137) [org.eclipse.recommenders.models.rcp_2.1.9.v20140917-1240.jar:na]
	at org.eclipse.recommenders.internal.models.rcp.ProjectCoordinateProvider.resolve(ProjectCoordinateProvider.java:190) [org.eclipse.recommenders.models.rcp_2.1.9.v20140917-1240.jar:na]
	at org.eclipse.recommenders.internal.models.rcp.ProjectCoordinateProvider.resolve(ProjectCoordinateProvider.java:125) [org.eclipse.recommenders.models.rcp_2.1.9.v20140917-1240.jar:na]
	at org.eclipse.recommenders.internal.models.rcp.ProjectCoordinateProvider.resolve(ProjectCoordinateProvider.java:99) [org.eclipse.recommenders.models.rcp_2.1.9.v20140917-1240.jar:na]
	at org.eclipse.recommenders.internal.models.rcp.ProjectCoordinateProvider.toUniqueName(ProjectCoordinateProvider.java:195) [org.eclipse.recommenders.models.rcp_2.1.9.v20140917-1240.jar:na]
	at org.eclipse.recommenders.internal.calls.rcp.CallCompletionSessionProcessor.findReceiverTypeAndModel(CallCompletionSessionProcessor.java:122) [org.eclipse.recommenders.calls.rcp_2.1.9.v20140917-1240.jar:na]
	at org.eclipse.recommenders.internal.calls.rcp.CallCompletionSessionProcessor.startSession(CallCompletionSessionProcessor.java:111) [org.eclipse.recommenders.calls.rcp_2.1.9.v20140917-1240.jar:na]
	at org.eclipse.recommenders.completion.rcp.processable.IntelligentCompletionProposalComputer.fireStartSession(IntelligentCompletionProposalComputer.java:229) [org.eclipse.recommenders.completion.rcp_2.1.9.v20140917-1240.jar:na]
	at org.eclipse.recommenders.completion.rcp.processable.IntelligentCompletionProposalComputer.computeCompletionProposals(IntelligentCompletionProposalComputer.java:131) [org.eclipse.recommenders.completion.rcp_2.1.9.v20140917-1240.jar:na]
	at org.eclipse.jdt.internal.ui.text.java.CompletionProposalComputerDescriptor.computeCompletionProposals(CompletionProposalComputerDescriptor.java:333) [org.eclipse.jdt.ui_3.10.1.v20140817-1500.jar:na]
	at org.eclipse.jdt.internal.ui.text.java.CompletionProposalCategory.computeCompletionProposals(CompletionProposalCategory.java:337) [org.eclipse.jdt.ui_3.10.1.v20140817-1500.jar:na]
	at org.eclipse.jdt.internal.ui.text.java.ContentAssistProcessor.collectProposals(ContentAssistProcessor.java:325) [org.eclipse.jdt.ui_3.10.1.v20140817-1500.jar:na]
	at org.eclipse.jdt.internal.ui.text.java.ContentAssistProcessor.computeCompletionProposals(ContentAssistProcessor.java:282) [org.eclipse.jdt.ui_3.10.1.v20140817-1500.jar:na]
	at org.eclipse.jface.text.contentassist.ContentAssistant.computeCompletionProposals(ContentAssistant.java:1861) [org.eclipse.jface.text_3.9.1.v20140827-1810.jar:na]
	at org.eclipse.jface.text.contentassist.CompletionProposalPopup.computeProposals(CompletionProposalPopup.java:573) [org.eclipse.jface.text_3.9.1.v20140827-1810.jar:na]
	at org.eclipse.jface.text.contentassist.CompletionProposalPopup.access$16(CompletionProposalPopup.java:570) [org.eclipse.jface.text_3.9.1.v20140827-1810.jar:na]
	at org.eclipse.jface.text.contentassist.CompletionProposalPopup$2.run(CompletionProposalPopup.java:505) [org.eclipse.jface.text_3.9.1.v20140827-1810.jar:na]
	at org.eclipse.swt.custom.BusyIndicator.showWhile(BusyIndicator.java:70) [org.eclipse.swt.win32.win32.x86_3.103.1.v20140903-1947.jar:na]
	at org.eclipse.jface.text.contentassist.CompletionProposalPopup.showProposals(CompletionProposalPopup.java:499) [org.eclipse.jface.text_3.9.1.v20140827-1810.jar:na]
	at org.eclipse.jface.text.contentassist.ContentAssistant$2.run(ContentAssistant.java:378) [org.eclipse.jface.text_3.9.1.v20140827-1810.jar:na]
	at org.eclipse.swt.widgets.RunnableLock.run(RunnableLock.java:35) [org.eclipse.swt.win32.win32.x86_3.103.1.v20140903-1947.jar:na]
	at org.eclipse.swt.widgets.Synchronizer.runAsyncMessages(Synchronizer.java:136) [org.eclipse.swt.win32.win32.x86_3.103.1.v20140903-1947.jar:na]
	at org.eclipse.swt.widgets.Display.runAsyncMessages(Display.java:4147) [org.eclipse.swt.win32.win32.x86_3.103.1.v20140903-1947.jar:na]
	at org.eclipse.swt.widgets.Display.readAndDispatch(Display.java:3764) [org.eclipse.swt.win32.win32.x86_3.103.1.v20140903-1947.jar:na]
	at org.eclipse.e4.ui.internal.workbench.swt.PartRenderingEngine$9.run(PartRenderingEngine.java:1151) [org.eclipse.e4.ui.workbench.swt_0.12.100.v20140530-1436.jar:na]
	at org.eclipse.core.databinding.observable.Realm.runWithDefault(Realm.java:332) [org.eclipse.core.databinding.observable_1.4.1.v20140210-1835.jar:na]
	at org.eclipse.e4.ui.internal.workbench.swt.PartRenderingEngine.run(PartRenderingEngine.java:1032) [org.eclipse.e4.ui.workbench.swt_0.12.100.v20140530-1436.jar:na]
	at org.eclipse.e4.ui.internal.workbench.E4Workbench.createAndRunUI(E4Workbench.java:148) [org.eclipse.e4.ui.workbench_1.2.1.v20140901-1244.jar:na]
	at org.eclipse.ui.internal.Workbench$5.run(Workbench.java:636) [org.eclipse.ui.workbench_3.106.1.v20140827-1737.jar:na]
	at org.eclipse.core.databinding.observable.Realm.runWithDefault(Realm.java:332) [org.eclipse.core.databinding.observable_1.4.1.v20140210-1835.jar:na]
	at org.eclipse.ui.internal.Workbench.createAndRunWorkbench(Workbench.java:579) [org.eclipse.ui.workbench_3.106.1.v20140827-1737.jar:na]
	at org.eclipse.ui.PlatformUI.createAndRunWorkbench(PlatformUI.java:150) [org.eclipse.ui.workbench_3.106.1.v20140827-1737.jar:na]
	at org.eclipse.ui.internal.ide.application.IDEApplication.start(IDEApplication.java:135) [org.eclipse.ui.ide.application_1.0.500.v20140514-2033.jar:na]
	at org.eclipse.equinox.internal.app.EclipseAppHandle.run(EclipseAppHandle.java:196) [org.eclipse.equinox.app_1.3.200.v20130910-1609.jar:na]
	at org.eclipse.core.runtime.internal.adaptor.EclipseAppLauncher.runApplication(EclipseAppLauncher.java:134) [org.eclipse.osgi_3.10.1.v20140909-1633.jar:na]
	at org.eclipse.core.runtime.internal.adaptor.EclipseAppLauncher.start(EclipseAppLauncher.java:104) [org.eclipse.osgi_3.10.1.v20140909-1633.jar:na]
	at org.eclipse.core.runtime.adaptor.EclipseStarter.run(EclipseStarter.java:380) [org.eclipse.osgi_3.10.1.v20140909-1633.jar:na]
	at org.eclipse.core.runtime.adaptor.EclipseStarter.run(EclipseStarter.java:235) [org.eclipse.osgi_3.10.1.v20140909-1633.jar:na]
	at sun.reflect.NativeMethodAccessorImpl.invoke0(Native Method) ~[na:1.8.0_25]
	at sun.reflect.NativeMethodAccessorImpl.invoke(Unknown Source) ~[na:1.8.0_25]
	at sun.reflect.DelegatingMethodAccessorImpl.invoke(Unknown Source) ~[na:1.8.0_25]
	at java.lang.reflect.Method.invoke(Unknown Source) ~[na:1.8.0_25]
	at org.eclipse.equinox.launcher.Main.invokeFramework(Main.java:648) [org.eclipse.equinox.launcher_1.3.0.v20140415-2008.jar:na]
	at org.eclipse.equinox.launcher.Main.basicRun(Main.java:603) [org.eclipse.equinox.launcher_1.3.0.v20140415-2008.jar:na]
	at org.eclipse.equinox.launcher.Main.run(Main.java:1465) [org.eclipse.equinox.launcher_1.3.0.v20140415-2008.jar:na]
java.net.UnknownHostException: search.maven.org
	at java.net.AbstractPlainSocketImpl.connect(Unknown Source) ~[na:1.8.0_25]
	at java.net.PlainSocketImpl.connect(Unknown Source) ~[na:1.8.0_25]
	at java.net.SocksSocketImpl.connect(Unknown Source) ~[na:1.8.0_25]
	at java.net.Socket.connect(Unknown Source) ~[na:1.8.0_25]
	at java.net.Socket.connect(Unknown Source) ~[na:1.8.0_25]
	at java.net.Socket.<init>(Unknown Source) ~[na:1.8.0_25]
	at java.net.Socket.<init>(Unknown Source) ~[na:1.8.0_25]
	at org.apache.commons.httpclient.protocol.DefaultProtocolSocketFactory.createSocket(DefaultProtocolSocketFactory.java:80) ~[na:na]
	at org.apache.commons.httpclient.protocol.ControllerThreadSocketFactory$1.doit(ControllerThreadSocketFactory.java:91) ~[na:na]
	at org.apache.commons.httpclient.protocol.ControllerThreadSocketFactory$SocketTask.run(ControllerThreadSocketFactory.java:158) ~[na:na]
	at java.lang.Thread.run(Unknown Source) ~[na:1.8.0_25]
2016-03-07 12:18:58,136 [Worker-6] ERROR o.e.r.m.a.MavenCentralFingerprintSearchAdvisor - Exception when querying Solr Server <http://search.maven.org/solrsearch>
org.apache.solr.client.solrj.SolrServerException: java.net.SocketTimeoutException: Read timed out
	at org.apache.solr.client.solrj.impl.CommonsHttpSolrServer.request(CommonsHttpSolrServer.java:480) ~[org.apache.solr.client.solrj_3.5.0.v20120530-0900.jar:na]
	at org.apache.solr.client.solrj.impl.CommonsHttpSolrServer.request(CommonsHttpSolrServer.java:246) ~[org.apache.solr.client.solrj_3.5.0.v20120530-0900.jar:na]
	at org.apache.solr.client.solrj.request.QueryRequest.process(QueryRequest.java:89) ~[na:na]
	at org.apache.solr.client.solrj.SolrServer.query(SolrServer.java:266) ~[org.apache.solr.client.solrj_3.5.0.v20120530-0900.jar:na]
	at org.eclipse.recommenders.models.advisors.MavenCentralFingerprintSearchAdvisor.doSuggest(MavenCentralFingerprintSearchAdvisor.java:91) ~[org.eclipse.recommenders.models_2.1.9.v20140917-1240.jar:na]
	at org.eclipse.recommenders.models.advisors.AbstractProjectCoordinateAdvisor.suggest(AbstractProjectCoordinateAdvisor.java:29) [org.eclipse.recommenders.models_2.1.9.v20140917-1240.jar:na]
	at org.eclipse.recommenders.models.rcp.advisors.EclipseMavenCentralFingerprintSearchAdvisor.suggest(EclipseMavenCentralFingerprintSearchAdvisor.java:55) [org.eclipse.recommenders.models.rcp_2.1.9.v20140917-1240.jar:na]
	at org.eclipse.recommenders.models.advisors.ProjectCoordinateAdvisorService.suggest(ProjectCoordinateAdvisorService.java:52) [org.eclipse.recommenders.models_2.1.9.v20140917-1240.jar:na]
	at org.eclipse.recommenders.internal.models.rcp.EclipseProjectCoordinateAdvisorService$2.load(EclipseProjectCoordinateAdvisorService.java:101) [org.eclipse.recommenders.models.rcp_2.1.9.v20140917-1240.jar:na]
	at org.eclipse.recommenders.internal.models.rcp.EclipseProjectCoordinateAdvisorService$2.load(EclipseProjectCoordinateAdvisorService.java:1) [org.eclipse.recommenders.models.rcp_2.1.9.v20140917-1240.jar:na]
	at com.google.common.cache.CacheLoader.reload(CacheLoader.java:94) [com.google.guava_15.0.0.v201403281430.jar:na]
	at com.google.common.cache.LocalCache$LoadingValueReference.loadFuture(LocalCache.java:3525) [com.google.guava_15.0.0.v201403281430.jar:na]
	at com.google.common.cache.LocalCache$Segment.loadAsync(LocalCache.java:2321) [com.google.guava_15.0.0.v201403281430.jar:na]
	at com.google.common.cache.LocalCache$Segment.refresh(LocalCache.java:2385) [com.google.guava_15.0.0.v201403281430.jar:na]
	at com.google.common.cache.LocalCache.refresh(LocalCache.java:4085) [com.google.guava_15.0.0.v201403281430.jar:na]
	at com.google.common.cache.LocalCache$LocalLoadingCache.refresh(LocalCache.java:4825) [com.google.guava_15.0.0.v201403281430.jar:na]
	at org.eclipse.recommenders.internal.models.rcp.EclipseProjectCoordinateAdvisorService$RefreshProjectCoordinatesJob.run(EclipseProjectCoordinateAdvisorService.java:209) [org.eclipse.recommenders.models.rcp_2.1.9.v20140917-1240.jar:na]
	at org.eclipse.core.internal.jobs.Worker.run(Worker.java:54) [org.eclipse.core.jobs_3.6.0.v20140424-0053.jar:na]
Caused by: java.net.SocketTimeoutException: Read timed out
	at java.net.SocketInputStream.socketRead0(Native Method) ~[na:1.8.0_31]
	at java.net.SocketInputStream.read(Unknown Source) ~[na:1.8.0_31]
	at java.net.SocketInputStream.read(Unknown Source) ~[na:1.8.0_31]
	at java.io.BufferedInputStream.fill(Unknown Source) ~[na:1.8.0_31]
	at java.io.BufferedInputStream.read(Unknown Source) ~[na:1.8.0_31]
	at org.apache.commons.httpclient.HttpParser.readRawLine(HttpParser.java:78) ~[org.apache.commons.httpclient_3.1.0.v201012070820.jar:na]
	at org.apache.commons.httpclient.HttpParser.readLine(HttpParser.java:106) ~[org.apache.commons.httpclient_3.1.0.v201012070820.jar:na]
	at org.apache.commons.httpclient.HttpConnection.readLine(HttpConnection.java:1116) ~[org.apache.commons.httpclient_3.1.0.v201012070820.jar:na]
	at org.apache.commons.httpclient.MultiThreadedHttpConnectionManager$HttpConnectionAdapter.readLine(MultiThreadedHttpConnectionManager.java:1413) ~[org.apache.commons.httpclient_3.1.0.v201012070820.jar:na]
	at org.apache.commons.httpclient.HttpMethodBase.readStatusLine(HttpMethodBase.java:1973) ~[org.apache.commons.httpclient_3.1.0.v201012070820.jar:na]
	at org.apache.commons.httpclient.HttpMethodBase.readResponse(HttpMethodBase.java:1735) ~[org.apache.commons.httpclient_3.1.0.v201012070820.jar:na]
	at org.apache.commons.httpclient.HttpMethodBase.execute(HttpMethodBase.java:1098) ~[org.apache.commons.httpclient_3.1.0.v201012070820.jar:na]
	at org.apache.commons.httpclient.HttpMethodDirector.executeWithRetry(HttpMethodDirector.java:398) ~[org.apache.commons.httpclient_3.1.0.v201012070820.jar:na]
	at org.apache.commons.httpclient.HttpMethodDirector.executeMethod(HttpMethodDirector.java:171) ~[org.apache.commons.httpclient_3.1.0.v201012070820.jar:na]
	at org.apache.commons.httpclient.HttpClient.executeMethod(HttpClient.java:397) ~[org.apache.commons.httpclient_3.1.0.v201012070820.jar:na]
	at org.apache.commons.httpclient.HttpClient.executeMethod(HttpClient.java:323) ~[org.apache.commons.httpclient_3.1.0.v201012070820.jar:na]
	at org.apache.solr.client.solrj.impl.CommonsHttpSolrServer.request(CommonsHttpSolrServer.java:424) ~[org.apache.solr.client.solrj_3.5.0.v20120530-0900.jar:na]
	... 17 common frames omitted
2016-03-30 12:42:35,477 [main] INFO  c.g.t.t.d.PublishedGradleVersions - Gradle version information cache file is not available. Remote download required.
2016-03-30 20:32:10,589 [main] INFO  c.g.t.t.d.PublishedGradleVersions - Gradle version information cache file is not out-of-date. No remote download required.
2016-03-31 10:33:45,802 [main] INFO  c.g.t.t.d.PublishedGradleVersions - Gradle version information cache file is not out-of-date. No remote download required.
2016-03-31 13:34:52,562 [main] INFO  c.g.t.t.d.PublishedGradleVersions - Gradle version information cache file is out-of-date. Remote download required.
2016-03-31 13:34:52,734 [main] ERROR c.g.t.t.d.PublishedGradleVersions - Cannot download published Gradle versions.
java.net.UnknownHostException: services.gradle.org
	at java.net.AbstractPlainSocketImpl.connect(Unknown Source) ~[na:1.8.0_77]
	at java.net.PlainSocketImpl.connect(Unknown Source) ~[na:1.8.0_77]
	at java.net.SocksSocketImpl.connect(Unknown Source) ~[na:1.8.0_77]
	at java.net.Socket.connect(Unknown Source) ~[na:1.8.0_77]
	at sun.security.ssl.SSLSocketImpl.connect(Unknown Source) ~[na:1.8.0_77]
	at sun.security.ssl.BaseSSLSocketImpl.connect(Unknown Source) ~[na:1.8.0_77]
	at sun.net.NetworkClient.doConnect(Unknown Source) ~[na:1.8.0_77]
	at sun.net.www.http.HttpClient.openServer(Unknown Source) ~[na:1.8.0_77]
	at sun.net.www.http.HttpClient.openServer(Unknown Source) ~[na:1.8.0_77]
	at sun.net.www.protocol.https.HttpsClient.<init>(Unknown Source) ~[na:1.8.0_77]
	at sun.net.www.protocol.https.HttpsClient.New(Unknown Source) ~[na:1.8.0_77]
	at sun.net.www.protocol.https.AbstractDelegateHttpsURLConnection.getNewHttpClient(Unknown Source) ~[na:1.8.0_77]
	at sun.net.www.protocol.http.HttpURLConnection.plainConnect0(Unknown Source) ~[na:1.8.0_77]
	at sun.net.www.protocol.http.HttpURLConnection.plainConnect(Unknown Source) ~[na:1.8.0_77]
	at sun.net.www.protocol.https.AbstractDelegateHttpsURLConnection.connect(Unknown Source) ~[na:1.8.0_77]
	at sun.net.www.protocol.http.HttpURLConnection.getInputStream0(Unknown Source) ~[na:1.8.0_77]
	at sun.net.www.protocol.http.HttpURLConnection.getInputStream(Unknown Source) ~[na:1.8.0_77]
	at sun.net.www.protocol.https.HttpsURLConnectionImpl.getInputStream(Unknown Source) ~[na:1.8.0_77]
	at com.gradleware.tooling.toolingutils.distribution.PublishedGradleVersions.downloadVersionInformation(PublishedGradleVersions.java:167) [com.gradleware.tooling.utils_0.8.1.v201512100932.jar:na]
	at com.gradleware.tooling.toolingutils.distribution.PublishedGradleVersions.create(PublishedGradleVersions.java:134) [com.gradleware.tooling.utils_0.8.1.v201512100932.jar:na]
	at org.eclipse.buildship.core.util.gradle.PublishedGradleVersionsWrapper.create(PublishedGradleVersionsWrapper.java:40) [org.eclipse.buildship.core_1.0.8.v20160201-1803.jar:na]
	at org.eclipse.buildship.core.util.gradle.PublishedGradleVersionsWrapper.<init>(PublishedGradleVersionsWrapper.java:35) [org.eclipse.buildship.core_1.0.8.v20160201-1803.jar:na]
	at org.eclipse.buildship.core.CorePlugin.createPublishedGradleVersions(CorePlugin.java:167) [org.eclipse.buildship.core_1.0.8.v20160201-1803.jar:na]
	at org.eclipse.buildship.core.CorePlugin.registerServices(CorePlugin.java:140) [org.eclipse.buildship.core_1.0.8.v20160201-1803.jar:na]
	at org.eclipse.buildship.core.CorePlugin.start(CorePlugin.java:103) [org.eclipse.buildship.core_1.0.8.v20160201-1803.jar:na]
	at org.eclipse.osgi.internal.framework.BundleContextImpl$3.run(BundleContextImpl.java:771) [org.eclipse.osgi_3.10.102.v20160118-1700.jar:na]
	at org.eclipse.osgi.internal.framework.BundleContextImpl$3.run(BundleContextImpl.java:1) [org.eclipse.osgi_3.10.102.v20160118-1700.jar:na]
	at java.security.AccessController.doPrivileged(Native Method) [na:1.8.0_77]
	at org.eclipse.osgi.internal.framework.BundleContextImpl.startActivator(BundleContextImpl.java:764) [org.eclipse.osgi_3.10.102.v20160118-1700.jar:na]
	at org.eclipse.osgi.internal.framework.BundleContextImpl.start(BundleContextImpl.java:721) [org.eclipse.osgi_3.10.102.v20160118-1700.jar:na]
	at org.eclipse.osgi.internal.framework.EquinoxBundle.startWorker0(EquinoxBundle.java:941) [org.eclipse.osgi_3.10.102.v20160118-1700.jar:na]
	at org.eclipse.osgi.internal.framework.EquinoxBundle$EquinoxModule.startWorker(EquinoxBundle.java:318) [org.eclipse.osgi_3.10.102.v20160118-1700.jar:na]
	at org.eclipse.osgi.container.Module.doStart(Module.java:571) [org.eclipse.osgi_3.10.102.v20160118-1700.jar:na]
	at org.eclipse.osgi.container.Module.start(Module.java:439) [org.eclipse.osgi_3.10.102.v20160118-1700.jar:na]
	at org.eclipse.osgi.framework.util.SecureAction.start(SecureAction.java:454) [org.eclipse.osgi_3.10.102.v20160118-1700.jar:na]
	at org.eclipse.osgi.internal.hooks.EclipseLazyStarter.postFindLocalClass(EclipseLazyStarter.java:107) [org.eclipse.osgi_3.10.102.v20160118-1700.jar:na]
	at org.eclipse.osgi.internal.loader.classpath.ClasspathManager.findLocalClass(ClasspathManager.java:531) [org.eclipse.osgi_3.10.102.v20160118-1700.jar:na]
	at org.eclipse.osgi.internal.loader.ModuleClassLoader.findLocalClass(ModuleClassLoader.java:324) [org.eclipse.osgi_3.10.102.v20160118-1700.jar:na]
	at org.eclipse.osgi.internal.loader.BundleLoader.findLocalClass(BundleLoader.java:327) [org.eclipse.osgi_3.10.102.v20160118-1700.jar:na]
	at org.eclipse.osgi.internal.loader.sources.SingleSourcePackage.loadClass(SingleSourcePackage.java:36) [org.eclipse.osgi_3.10.102.v20160118-1700.jar:na]
	at org.eclipse.osgi.internal.loader.BundleLoader.findClassInternal(BundleLoader.java:398) [org.eclipse.osgi_3.10.102.v20160118-1700.jar:na]
	at org.eclipse.osgi.internal.loader.BundleLoader.findClass(BundleLoader.java:352) [org.eclipse.osgi_3.10.102.v20160118-1700.jar:na]
	at org.eclipse.osgi.internal.loader.BundleLoader.findClass(BundleLoader.java:344) [org.eclipse.osgi_3.10.102.v20160118-1700.jar:na]
	at org.eclipse.osgi.internal.loader.ModuleClassLoader.loadClass(ModuleClassLoader.java:160) [org.eclipse.osgi_3.10.102.v20160118-1700.jar:na]
	at java.lang.ClassLoader.loadClass(Unknown Source) [na:1.8.0_77]
	at java.lang.Class.getDeclaredConstructors0(Native Method) [na:1.8.0_77]
	at java.lang.Class.privateGetDeclaredConstructors(Unknown Source) [na:1.8.0_77]
	at java.lang.Class.getConstructor0(Unknown Source) [na:1.8.0_77]
	at java.lang.Class.newInstance(Unknown Source) [na:1.8.0_77]
	at org.eclipse.osgi.internal.framework.BundleContextImpl.loadBundleActivator(BundleContextImpl.java:755) [org.eclipse.osgi_3.10.102.v20160118-1700.jar:na]
	at org.eclipse.osgi.internal.framework.BundleContextImpl.start(BundleContextImpl.java:706) [org.eclipse.osgi_3.10.102.v20160118-1700.jar:na]
	at org.eclipse.osgi.internal.framework.EquinoxBundle.startWorker0(EquinoxBundle.java:941) [org.eclipse.osgi_3.10.102.v20160118-1700.jar:na]
	at org.eclipse.osgi.internal.framework.EquinoxBundle$EquinoxModule.startWorker(EquinoxBundle.java:318) [org.eclipse.osgi_3.10.102.v20160118-1700.jar:na]
	at org.eclipse.osgi.container.Module.doStart(Module.java:571) [org.eclipse.osgi_3.10.102.v20160118-1700.jar:na]
	at org.eclipse.osgi.container.Module.start(Module.java:439) [org.eclipse.osgi_3.10.102.v20160118-1700.jar:na]
	at org.eclipse.osgi.framework.util.SecureAction.start(SecureAction.java:454) [org.eclipse.osgi_3.10.102.v20160118-1700.jar:na]
	at org.eclipse.osgi.internal.hooks.EclipseLazyStarter.postFindLocalClass(EclipseLazyStarter.java:107) [org.eclipse.osgi_3.10.102.v20160118-1700.jar:na]
	at org.eclipse.osgi.internal.loader.classpath.ClasspathManager.findLocalClass(ClasspathManager.java:531) [org.eclipse.osgi_3.10.102.v20160118-1700.jar:na]
	at org.eclipse.osgi.internal.loader.ModuleClassLoader.findLocalClass(ModuleClassLoader.java:324) [org.eclipse.osgi_3.10.102.v20160118-1700.jar:na]
	at org.eclipse.osgi.internal.loader.BundleLoader.findLocalClass(BundleLoader.java:327) [org.eclipse.osgi_3.10.102.v20160118-1700.jar:na]
	at org.eclipse.osgi.internal.loader.BundleLoader.findClassInternal(BundleLoader.java:402) [org.eclipse.osgi_3.10.102.v20160118-1700.jar:na]
	at org.eclipse.osgi.internal.loader.BundleLoader.findClass(BundleLoader.java:352) [org.eclipse.osgi_3.10.102.v20160118-1700.jar:na]
	at org.eclipse.osgi.internal.loader.BundleLoader.findClass(BundleLoader.java:344) [org.eclipse.osgi_3.10.102.v20160118-1700.jar:na]
	at org.eclipse.osgi.internal.loader.ModuleClassLoader.loadClass(ModuleClassLoader.java:160) [org.eclipse.osgi_3.10.102.v20160118-1700.jar:na]
	at java.lang.ClassLoader.loadClass(Unknown Source) [na:1.8.0_77]
	at org.eclipse.osgi.internal.framework.EquinoxBundle.loadClass(EquinoxBundle.java:573) [org.eclipse.osgi_3.10.102.v20160118-1700.jar:na]
	at org.eclipse.core.internal.registry.osgi.RegistryStrategyOSGI.createExecutableExtension(RegistryStrategyOSGI.java:174) [org.eclipse.equinox.registry_3.6.0.v20150318-1503.jar:na]
	at org.eclipse.core.internal.registry.ExtensionRegistry.createExecutableExtension(ExtensionRegistry.java:905) [org.eclipse.equinox.registry_3.6.0.v20150318-1503.jar:na]
	at org.eclipse.core.internal.registry.ConfigurationElement.createExecutableExtension(ConfigurationElement.java:243) [org.eclipse.equinox.registry_3.6.0.v20150318-1503.jar:na]
	at org.eclipse.core.internal.registry.ConfigurationElementHandle.createExecutableExtension(ConfigurationElementHandle.java:55) [org.eclipse.equinox.registry_3.6.0.v20150318-1503.jar:na]
	at org.eclipse.core.internal.expressions.PropertyTesterDescriptor.instantiate(PropertyTesterDescriptor.java:96) [org.eclipse.core.expressions_3.5.0.v20150421-2214.jar:na]
	at org.eclipse.core.internal.expressions.TypeExtension.findTypeExtender(TypeExtension.java:97) [org.eclipse.core.expressions_3.5.0.v20150421-2214.jar:na]
	at org.eclipse.core.internal.expressions.TypeExtension.findTypeExtender(TypeExtension.java:130) [org.eclipse.core.expressions_3.5.0.v20150421-2214.jar:na]
	at org.eclipse.core.internal.expressions.TypeExtension.findTypeExtender(TypeExtension.java:130) [org.eclipse.core.expressions_3.5.0.v20150421-2214.jar:na]
	at org.eclipse.core.internal.expressions.TypeExtension.findTypeExtender(TypeExtension.java:130) [org.eclipse.core.expressions_3.5.0.v20150421-2214.jar:na]
	at org.eclipse.core.internal.expressions.TypeExtensionManager.getProperty(TypeExtensionManager.java:119) [org.eclipse.core.expressions_3.5.0.v20150421-2214.jar:na]
	at org.eclipse.core.internal.expressions.TestExpression.evaluate(TestExpression.java:97) [org.eclipse.core.expressions_3.5.0.v20150421-2214.jar:na]
	at org.eclipse.core.internal.expressions.CompositeExpression.evaluateAnd(CompositeExpression.java:53) [org.eclipse.core.expressions_3.5.0.v20150421-2214.jar:na]
	at org.eclipse.core.internal.expressions.WithExpression.evaluate(WithExpression.java:75) [org.eclipse.core.expressions_3.5.0.v20150421-2214.jar:na]
	at org.eclipse.core.internal.expressions.CompositeExpression.evaluateAnd(CompositeExpression.java:53) [org.eclipse.core.expressions_3.5.0.v20150421-2214.jar:na]
	at org.eclipse.core.internal.expressions.EnablementExpression.evaluate(EnablementExpression.java:55) [org.eclipse.core.expressions_3.5.0.v20150421-2214.jar:na]
	at org.eclipse.debug.internal.ui.launchConfigurations.LaunchShortcutExtension.evalEnablementExpression(LaunchShortcutExtension.java:281) [org.eclipse.debug.ui_3.11.101.v20160203-1230.jar:na]
	at org.eclipse.debug.internal.ui.contextlaunching.LaunchingResourceManager.getShortcutsForSelection(LaunchingResourceManager.java:455) [org.eclipse.debug.ui_3.11.101.v20160203-1230.jar:na]
	at org.eclipse.debug.internal.ui.contextlaunching.ContextRunner.selectAndLaunch(ContextRunner.java:115) [org.eclipse.debug.ui_3.11.101.v20160203-1230.jar:na]
	at org.eclipse.debug.internal.ui.contextlaunching.ContextRunner.launch(ContextRunner.java:81) [org.eclipse.debug.ui_3.11.101.v20160203-1230.jar:na]
	at org.eclipse.debug.ui.actions.AbstractLaunchToolbarAction.run(AbstractLaunchToolbarAction.java:82) [org.eclipse.debug.ui_3.11.101.v20160203-1230.jar:na]
	at org.eclipse.debug.ui.actions.AbstractLaunchHistoryAction.runWithEvent(AbstractLaunchHistoryAction.java:420) [org.eclipse.debug.ui_3.11.101.v20160203-1230.jar:na]
	at org.eclipse.ui.internal.PluginAction.runWithEvent(PluginAction.java:237) [org.eclipse.ui.workbench_3.107.1.v20160120-2131.jar:na]
	at org.eclipse.ui.internal.WWinPluginAction.runWithEvent(WWinPluginAction.java:228) [org.eclipse.ui.workbench_3.107.1.v20160120-2131.jar:na]
	at org.eclipse.jface.action.ActionContributionItem.handleWidgetSelection(ActionContributionItem.java:595) [org.eclipse.jface_3.11.1.v20160128-1644.jar:na]
	at org.eclipse.jface.action.ActionContributionItem.access$2(ActionContributionItem.java:511) [org.eclipse.jface_3.11.1.v20160128-1644.jar:na]
	at org.eclipse.jface.action.ActionContributionItem$6.handleEvent(ActionContributionItem.java:462) [org.eclipse.jface_3.11.1.v20160128-1644.jar:na]
	at org.eclipse.swt.widgets.EventTable.sendEvent(EventTable.java:84) [org.eclipse.swt.win32.win32.x86_64_3.104.2.v20160212-1350.jar:na]
	at org.eclipse.swt.widgets.Display.sendEvent(Display.java:4362) [org.eclipse.swt.win32.win32.x86_64_3.104.2.v20160212-1350.jar:na]
	at org.eclipse.swt.widgets.Widget.sendEvent(Widget.java:1113) [org.eclipse.swt.win32.win32.x86_64_3.104.2.v20160212-1350.jar:na]
	at org.eclipse.swt.widgets.Display.runDeferredEvents(Display.java:4180) [org.eclipse.swt.win32.win32.x86_64_3.104.2.v20160212-1350.jar:na]
	at org.eclipse.swt.widgets.Display.readAndDispatch(Display.java:3769) [org.eclipse.swt.win32.win32.x86_64_3.104.2.v20160212-1350.jar:na]
	at org.eclipse.e4.ui.internal.workbench.swt.PartRenderingEngine$4.run(PartRenderingEngine.java:1127) [org.eclipse.e4.ui.workbench.swt_0.13.0.v20150504-0621.jar:na]
	at org.eclipse.core.databinding.observable.Realm.runWithDefault(Realm.java:337) [org.eclipse.core.databinding.observable_1.5.0.v20150422-0725.jar:na]
	at org.eclipse.e4.ui.internal.workbench.swt.PartRenderingEngine.run(PartRenderingEngine.java:1018) [org.eclipse.e4.ui.workbench.swt_0.13.0.v20150504-0621.jar:na]
	at org.eclipse.e4.ui.internal.workbench.E4Workbench.createAndRunUI(E4Workbench.java:156) [org.eclipse.e4.ui.workbench_1.3.1.v20160203-0951.jar:na]
	at org.eclipse.ui.internal.Workbench$5.run(Workbench.java:694) [org.eclipse.ui.workbench_3.107.1.v20160120-2131.jar:na]
	at org.eclipse.core.databinding.observable.Realm.runWithDefault(Realm.java:337) [org.eclipse.core.databinding.observable_1.5.0.v20150422-0725.jar:na]
	at org.eclipse.ui.internal.Workbench.createAndRunWorkbench(Workbench.java:606) [org.eclipse.ui.workbench_3.107.1.v20160120-2131.jar:na]
	at org.eclipse.ui.PlatformUI.createAndRunWorkbench(PlatformUI.java:150) [org.eclipse.ui.workbench_3.107.1.v20160120-2131.jar:na]
	at org.eclipse.ui.internal.ide.application.IDEApplication.start(IDEApplication.java:139) [org.eclipse.ui.ide.application_1.1.0.v20150422-0725.jar:na]
	at org.eclipse.equinox.internal.app.EclipseAppHandle.run(EclipseAppHandle.java:196) [org.eclipse.equinox.app_1.3.300.v20150423-1356.jar:na]
	at org.eclipse.core.runtime.internal.adaptor.EclipseAppLauncher.runApplication(EclipseAppLauncher.java:134) [org.eclipse.osgi_3.10.102.v20160118-1700.jar:na]
	at org.eclipse.core.runtime.internal.adaptor.EclipseAppLauncher.start(EclipseAppLauncher.java:104) [org.eclipse.osgi_3.10.102.v20160118-1700.jar:na]
	at org.eclipse.core.runtime.adaptor.EclipseStarter.run(EclipseStarter.java:380) [org.eclipse.osgi_3.10.102.v20160118-1700.jar:na]
	at org.eclipse.core.runtime.adaptor.EclipseStarter.run(EclipseStarter.java:235) [org.eclipse.osgi_3.10.102.v20160118-1700.jar:na]
	at sun.reflect.NativeMethodAccessorImpl.invoke0(Native Method) ~[na:1.8.0_77]
	at sun.reflect.NativeMethodAccessorImpl.invoke(Unknown Source) ~[na:1.8.0_77]
	at sun.reflect.DelegatingMethodAccessorImpl.invoke(Unknown Source) ~[na:1.8.0_77]
	at java.lang.reflect.Method.invoke(Unknown Source) ~[na:1.8.0_77]
	at org.eclipse.equinox.launcher.Main.invokeFramework(Main.java:669) [org.eclipse.equinox.launcher_1.3.100.v20150511-1540.jar:na]
	at org.eclipse.equinox.launcher.Main.basicRun(Main.java:608) [org.eclipse.equinox.launcher_1.3.100.v20150511-1540.jar:na]
	at org.eclipse.equinox.launcher.Main.run(Main.java:1515) [org.eclipse.equinox.launcher_1.3.100.v20150511-1540.jar:na]
2016-03-31 14:13:58,743 [main] INFO  c.g.t.t.d.PublishedGradleVersions - Gradle version information cache file is out-of-date. Remote download required.
2016-03-31 14:13:59,401 [main] ERROR c.g.t.t.d.PublishedGradleVersions - Cannot download published Gradle versions.
java.net.UnknownHostException: services.gradle.org
	at java.net.AbstractPlainSocketImpl.connect(Unknown Source) ~[na:1.8.0_77]
	at java.net.PlainSocketImpl.connect(Unknown Source) ~[na:1.8.0_77]
	at java.net.SocksSocketImpl.connect(Unknown Source) ~[na:1.8.0_77]
	at java.net.Socket.connect(Unknown Source) ~[na:1.8.0_77]
	at sun.security.ssl.SSLSocketImpl.connect(Unknown Source) ~[na:1.8.0_77]
	at sun.security.ssl.BaseSSLSocketImpl.connect(Unknown Source) ~[na:1.8.0_77]
	at sun.net.NetworkClient.doConnect(Unknown Source) ~[na:1.8.0_77]
	at sun.net.www.http.HttpClient.openServer(Unknown Source) ~[na:1.8.0_77]
	at sun.net.www.http.HttpClient.openServer(Unknown Source) ~[na:1.8.0_77]
	at sun.net.www.protocol.https.HttpsClient.<init>(Unknown Source) ~[na:1.8.0_77]
	at sun.net.www.protocol.https.HttpsClient.New(Unknown Source) ~[na:1.8.0_77]
	at sun.net.www.protocol.https.AbstractDelegateHttpsURLConnection.getNewHttpClient(Unknown Source) ~[na:1.8.0_77]
	at sun.net.www.protocol.http.HttpURLConnection.plainConnect0(Unknown Source) ~[na:1.8.0_77]
	at sun.net.www.protocol.http.HttpURLConnection.plainConnect(Unknown Source) ~[na:1.8.0_77]
	at sun.net.www.protocol.https.AbstractDelegateHttpsURLConnection.connect(Unknown Source) ~[na:1.8.0_77]
	at sun.net.www.protocol.http.HttpURLConnection.getInputStream0(Unknown Source) ~[na:1.8.0_77]
	at sun.net.www.protocol.http.HttpURLConnection.getInputStream(Unknown Source) ~[na:1.8.0_77]
	at sun.net.www.protocol.https.HttpsURLConnectionImpl.getInputStream(Unknown Source) ~[na:1.8.0_77]
	at com.gradleware.tooling.toolingutils.distribution.PublishedGradleVersions.downloadVersionInformation(PublishedGradleVersions.java:167) [com.gradleware.tooling.utils_0.8.1.v201512100932.jar:na]
	at com.gradleware.tooling.toolingutils.distribution.PublishedGradleVersions.create(PublishedGradleVersions.java:134) [com.gradleware.tooling.utils_0.8.1.v201512100932.jar:na]
	at org.eclipse.buildship.core.util.gradle.PublishedGradleVersionsWrapper.create(PublishedGradleVersionsWrapper.java:40) [org.eclipse.buildship.core_1.0.8.v20160201-1803.jar:na]
	at org.eclipse.buildship.core.util.gradle.PublishedGradleVersionsWrapper.<init>(PublishedGradleVersionsWrapper.java:35) [org.eclipse.buildship.core_1.0.8.v20160201-1803.jar:na]
	at org.eclipse.buildship.core.CorePlugin.createPublishedGradleVersions(CorePlugin.java:167) [org.eclipse.buildship.core_1.0.8.v20160201-1803.jar:na]
	at org.eclipse.buildship.core.CorePlugin.registerServices(CorePlugin.java:140) [org.eclipse.buildship.core_1.0.8.v20160201-1803.jar:na]
	at org.eclipse.buildship.core.CorePlugin.start(CorePlugin.java:103) [org.eclipse.buildship.core_1.0.8.v20160201-1803.jar:na]
	at org.eclipse.osgi.internal.framework.BundleContextImpl$3.run(BundleContextImpl.java:771) [org.eclipse.osgi_3.10.102.v20160118-1700.jar:na]
	at org.eclipse.osgi.internal.framework.BundleContextImpl$3.run(BundleContextImpl.java:1) [org.eclipse.osgi_3.10.102.v20160118-1700.jar:na]
	at java.security.AccessController.doPrivileged(Native Method) [na:1.8.0_77]
	at org.eclipse.osgi.internal.framework.BundleContextImpl.startActivator(BundleContextImpl.java:764) [org.eclipse.osgi_3.10.102.v20160118-1700.jar:na]
	at org.eclipse.osgi.internal.framework.BundleContextImpl.start(BundleContextImpl.java:721) [org.eclipse.osgi_3.10.102.v20160118-1700.jar:na]
	at org.eclipse.osgi.internal.framework.EquinoxBundle.startWorker0(EquinoxBundle.java:941) [org.eclipse.osgi_3.10.102.v20160118-1700.jar:na]
	at org.eclipse.osgi.internal.framework.EquinoxBundle$EquinoxModule.startWorker(EquinoxBundle.java:318) [org.eclipse.osgi_3.10.102.v20160118-1700.jar:na]
	at org.eclipse.osgi.container.Module.doStart(Module.java:571) [org.eclipse.osgi_3.10.102.v20160118-1700.jar:na]
	at org.eclipse.osgi.container.Module.start(Module.java:439) [org.eclipse.osgi_3.10.102.v20160118-1700.jar:na]
	at org.eclipse.osgi.framework.util.SecureAction.start(SecureAction.java:454) [org.eclipse.osgi_3.10.102.v20160118-1700.jar:na]
	at org.eclipse.osgi.internal.hooks.EclipseLazyStarter.postFindLocalClass(EclipseLazyStarter.java:107) [org.eclipse.osgi_3.10.102.v20160118-1700.jar:na]
	at org.eclipse.osgi.internal.loader.classpath.ClasspathManager.findLocalClass(ClasspathManager.java:531) [org.eclipse.osgi_3.10.102.v20160118-1700.jar:na]
	at org.eclipse.osgi.internal.loader.ModuleClassLoader.findLocalClass(ModuleClassLoader.java:324) [org.eclipse.osgi_3.10.102.v20160118-1700.jar:na]
	at org.eclipse.osgi.internal.loader.BundleLoader.findLocalClass(BundleLoader.java:327) [org.eclipse.osgi_3.10.102.v20160118-1700.jar:na]
	at org.eclipse.osgi.internal.loader.sources.SingleSourcePackage.loadClass(SingleSourcePackage.java:36) [org.eclipse.osgi_3.10.102.v20160118-1700.jar:na]
	at org.eclipse.osgi.internal.loader.BundleLoader.findClassInternal(BundleLoader.java:398) [org.eclipse.osgi_3.10.102.v20160118-1700.jar:na]
	at org.eclipse.osgi.internal.loader.BundleLoader.findClass(BundleLoader.java:352) [org.eclipse.osgi_3.10.102.v20160118-1700.jar:na]
	at org.eclipse.osgi.internal.loader.BundleLoader.findClass(BundleLoader.java:344) [org.eclipse.osgi_3.10.102.v20160118-1700.jar:na]
	at org.eclipse.osgi.internal.loader.ModuleClassLoader.loadClass(ModuleClassLoader.java:160) [org.eclipse.osgi_3.10.102.v20160118-1700.jar:na]
	at java.lang.ClassLoader.loadClass(Unknown Source) [na:1.8.0_77]
	at java.lang.Class.getDeclaredConstructors0(Native Method) [na:1.8.0_77]
	at java.lang.Class.privateGetDeclaredConstructors(Unknown Source) [na:1.8.0_77]
	at java.lang.Class.getConstructor0(Unknown Source) [na:1.8.0_77]
	at java.lang.Class.newInstance(Unknown Source) [na:1.8.0_77]
	at org.eclipse.osgi.internal.framework.BundleContextImpl.loadBundleActivator(BundleContextImpl.java:755) [org.eclipse.osgi_3.10.102.v20160118-1700.jar:na]
	at org.eclipse.osgi.internal.framework.BundleContextImpl.start(BundleContextImpl.java:706) [org.eclipse.osgi_3.10.102.v20160118-1700.jar:na]
	at org.eclipse.osgi.internal.framework.EquinoxBundle.startWorker0(EquinoxBundle.java:941) [org.eclipse.osgi_3.10.102.v20160118-1700.jar:na]
	at org.eclipse.osgi.internal.framework.EquinoxBundle$EquinoxModule.startWorker(EquinoxBundle.java:318) [org.eclipse.osgi_3.10.102.v20160118-1700.jar:na]
	at org.eclipse.osgi.container.Module.doStart(Module.java:571) [org.eclipse.osgi_3.10.102.v20160118-1700.jar:na]
	at org.eclipse.osgi.container.Module.start(Module.java:439) [org.eclipse.osgi_3.10.102.v20160118-1700.jar:na]
	at org.eclipse.osgi.framework.util.SecureAction.start(SecureAction.java:454) [org.eclipse.osgi_3.10.102.v20160118-1700.jar:na]
	at org.eclipse.osgi.internal.hooks.EclipseLazyStarter.postFindLocalClass(EclipseLazyStarter.java:107) [org.eclipse.osgi_3.10.102.v20160118-1700.jar:na]
	at org.eclipse.osgi.internal.loader.classpath.ClasspathManager.findLocalClass(ClasspathManager.java:531) [org.eclipse.osgi_3.10.102.v20160118-1700.jar:na]
	at org.eclipse.osgi.internal.loader.ModuleClassLoader.findLocalClass(ModuleClassLoader.java:324) [org.eclipse.osgi_3.10.102.v20160118-1700.jar:na]
	at org.eclipse.osgi.internal.loader.BundleLoader.findLocalClass(BundleLoader.java:327) [org.eclipse.osgi_3.10.102.v20160118-1700.jar:na]
	at org.eclipse.osgi.internal.loader.BundleLoader.findClassInternal(BundleLoader.java:402) [org.eclipse.osgi_3.10.102.v20160118-1700.jar:na]
	at org.eclipse.osgi.internal.loader.BundleLoader.findClass(BundleLoader.java:352) [org.eclipse.osgi_3.10.102.v20160118-1700.jar:na]
	at org.eclipse.osgi.internal.loader.BundleLoader.findClass(BundleLoader.java:344) [org.eclipse.osgi_3.10.102.v20160118-1700.jar:na]
	at org.eclipse.osgi.internal.loader.ModuleClassLoader.loadClass(ModuleClassLoader.java:160) [org.eclipse.osgi_3.10.102.v20160118-1700.jar:na]
	at java.lang.ClassLoader.loadClass(Unknown Source) [na:1.8.0_77]
	at org.eclipse.osgi.internal.framework.EquinoxBundle.loadClass(EquinoxBundle.java:573) [org.eclipse.osgi_3.10.102.v20160118-1700.jar:na]
	at org.eclipse.core.internal.registry.osgi.RegistryStrategyOSGI.createExecutableExtension(RegistryStrategyOSGI.java:174) [org.eclipse.equinox.registry_3.6.0.v20150318-1503.jar:na]
	at org.eclipse.core.internal.registry.ExtensionRegistry.createExecutableExtension(ExtensionRegistry.java:905) [org.eclipse.equinox.registry_3.6.0.v20150318-1503.jar:na]
	at org.eclipse.core.internal.registry.ConfigurationElement.createExecutableExtension(ConfigurationElement.java:243) [org.eclipse.equinox.registry_3.6.0.v20150318-1503.jar:na]
	at org.eclipse.core.internal.registry.ConfigurationElementHandle.createExecutableExtension(ConfigurationElementHandle.java:55) [org.eclipse.equinox.registry_3.6.0.v20150318-1503.jar:na]
	at org.eclipse.core.internal.expressions.PropertyTesterDescriptor.instantiate(PropertyTesterDescriptor.java:96) [org.eclipse.core.expressions_3.5.0.v20150421-2214.jar:na]
	at org.eclipse.core.internal.expressions.TypeExtension.findTypeExtender(TypeExtension.java:97) [org.eclipse.core.expressions_3.5.0.v20150421-2214.jar:na]
	at org.eclipse.core.internal.expressions.TypeExtension.findTypeExtender(TypeExtension.java:130) [org.eclipse.core.expressions_3.5.0.v20150421-2214.jar:na]
	at org.eclipse.core.internal.expressions.TypeExtension.findTypeExtender(TypeExtension.java:130) [org.eclipse.core.expressions_3.5.0.v20150421-2214.jar:na]
	at org.eclipse.core.internal.expressions.TypeExtension.findTypeExtender(TypeExtension.java:130) [org.eclipse.core.expressions_3.5.0.v20150421-2214.jar:na]
	at org.eclipse.core.internal.expressions.TypeExtensionManager.getProperty(TypeExtensionManager.java:119) [org.eclipse.core.expressions_3.5.0.v20150421-2214.jar:na]
	at org.eclipse.core.internal.expressions.TestExpression.evaluate(TestExpression.java:97) [org.eclipse.core.expressions_3.5.0.v20150421-2214.jar:na]
	at org.eclipse.core.internal.expressions.CompositeExpression.evaluateAnd(CompositeExpression.java:53) [org.eclipse.core.expressions_3.5.0.v20150421-2214.jar:na]
	at org.eclipse.core.internal.expressions.WithExpression.evaluate(WithExpression.java:75) [org.eclipse.core.expressions_3.5.0.v20150421-2214.jar:na]
	at org.eclipse.core.internal.expressions.CompositeExpression.evaluateAnd(CompositeExpression.java:53) [org.eclipse.core.expressions_3.5.0.v20150421-2214.jar:na]
	at org.eclipse.core.internal.expressions.EnablementExpression.evaluate(EnablementExpression.java:55) [org.eclipse.core.expressions_3.5.0.v20150421-2214.jar:na]
	at org.eclipse.debug.internal.ui.launchConfigurations.LaunchShortcutExtension.evalEnablementExpression(LaunchShortcutExtension.java:281) [org.eclipse.debug.ui_3.11.101.v20160203-1230.jar:na]
	at org.eclipse.debug.internal.ui.contextlaunching.LaunchingResourceManager.getShortcutsForSelection(LaunchingResourceManager.java:455) [org.eclipse.debug.ui_3.11.101.v20160203-1230.jar:na]
	at org.eclipse.debug.internal.ui.contextlaunching.ContextRunner.selectAndLaunch(ContextRunner.java:115) [org.eclipse.debug.ui_3.11.101.v20160203-1230.jar:na]
	at org.eclipse.debug.internal.ui.contextlaunching.ContextRunner.launch(ContextRunner.java:81) [org.eclipse.debug.ui_3.11.101.v20160203-1230.jar:na]
	at org.eclipse.debug.ui.actions.AbstractLaunchToolbarAction.run(AbstractLaunchToolbarAction.java:82) [org.eclipse.debug.ui_3.11.101.v20160203-1230.jar:na]
	at org.eclipse.debug.ui.actions.AbstractLaunchHistoryAction.runWithEvent(AbstractLaunchHistoryAction.java:420) [org.eclipse.debug.ui_3.11.101.v20160203-1230.jar:na]
	at org.eclipse.ui.internal.PluginAction.runWithEvent(PluginAction.java:237) [org.eclipse.ui.workbench_3.107.1.v20160120-2131.jar:na]
	at org.eclipse.ui.internal.WWinPluginAction.runWithEvent(WWinPluginAction.java:228) [org.eclipse.ui.workbench_3.107.1.v20160120-2131.jar:na]
	at org.eclipse.jface.action.ActionContributionItem.handleWidgetSelection(ActionContributionItem.java:595) [org.eclipse.jface_3.11.1.v20160128-1644.jar:na]
	at org.eclipse.jface.action.ActionContributionItem.access$2(ActionContributionItem.java:511) [org.eclipse.jface_3.11.1.v20160128-1644.jar:na]
	at org.eclipse.jface.action.ActionContributionItem$6.handleEvent(ActionContributionItem.java:462) [org.eclipse.jface_3.11.1.v20160128-1644.jar:na]
	at org.eclipse.swt.widgets.EventTable.sendEvent(EventTable.java:84) [org.eclipse.swt.win32.win32.x86_64_3.104.2.v20160212-1350.jar:na]
	at org.eclipse.swt.widgets.Display.sendEvent(Display.java:4362) [org.eclipse.swt.win32.win32.x86_64_3.104.2.v20160212-1350.jar:na]
	at org.eclipse.swt.widgets.Widget.sendEvent(Widget.java:1113) [org.eclipse.swt.win32.win32.x86_64_3.104.2.v20160212-1350.jar:na]
	at org.eclipse.swt.widgets.Display.runDeferredEvents(Display.java:4180) [org.eclipse.swt.win32.win32.x86_64_3.104.2.v20160212-1350.jar:na]
	at org.eclipse.swt.widgets.Display.readAndDispatch(Display.java:3769) [org.eclipse.swt.win32.win32.x86_64_3.104.2.v20160212-1350.jar:na]
	at org.eclipse.e4.ui.internal.workbench.swt.PartRenderingEngine$4.run(PartRenderingEngine.java:1127) [org.eclipse.e4.ui.workbench.swt_0.13.0.v20150504-0621.jar:na]
	at org.eclipse.core.databinding.observable.Realm.runWithDefault(Realm.java:337) [org.eclipse.core.databinding.observable_1.5.0.v20150422-0725.jar:na]
	at org.eclipse.e4.ui.internal.workbench.swt.PartRenderingEngine.run(PartRenderingEngine.java:1018) [org.eclipse.e4.ui.workbench.swt_0.13.0.v20150504-0621.jar:na]
	at org.eclipse.e4.ui.internal.workbench.E4Workbench.createAndRunUI(E4Workbench.java:156) [org.eclipse.e4.ui.workbench_1.3.1.v20160203-0951.jar:na]
	at org.eclipse.ui.internal.Workbench$5.run(Workbench.java:694) [org.eclipse.ui.workbench_3.107.1.v20160120-2131.jar:na]
	at org.eclipse.core.databinding.observable.Realm.runWithDefault(Realm.java:337) [org.eclipse.core.databinding.observable_1.5.0.v20150422-0725.jar:na]
	at org.eclipse.ui.internal.Workbench.createAndRunWorkbench(Workbench.java:606) [org.eclipse.ui.workbench_3.107.1.v20160120-2131.jar:na]
	at org.eclipse.ui.PlatformUI.createAndRunWorkbench(PlatformUI.java:150) [org.eclipse.ui.workbench_3.107.1.v20160120-2131.jar:na]
	at org.eclipse.ui.internal.ide.application.IDEApplication.start(IDEApplication.java:139) [org.eclipse.ui.ide.application_1.1.0.v20150422-0725.jar:na]
	at org.eclipse.equinox.internal.app.EclipseAppHandle.run(EclipseAppHandle.java:196) [org.eclipse.equinox.app_1.3.300.v20150423-1356.jar:na]
	at org.eclipse.core.runtime.internal.adaptor.EclipseAppLauncher.runApplication(EclipseAppLauncher.java:134) [org.eclipse.osgi_3.10.102.v20160118-1700.jar:na]
	at org.eclipse.core.runtime.internal.adaptor.EclipseAppLauncher.start(EclipseAppLauncher.java:104) [org.eclipse.osgi_3.10.102.v20160118-1700.jar:na]
	at org.eclipse.core.runtime.adaptor.EclipseStarter.run(EclipseStarter.java:380) [org.eclipse.osgi_3.10.102.v20160118-1700.jar:na]
	at org.eclipse.core.runtime.adaptor.EclipseStarter.run(EclipseStarter.java:235) [org.eclipse.osgi_3.10.102.v20160118-1700.jar:na]
	at sun.reflect.NativeMethodAccessorImpl.invoke0(Native Method) ~[na:1.8.0_77]
	at sun.reflect.NativeMethodAccessorImpl.invoke(Unknown Source) ~[na:1.8.0_77]
	at sun.reflect.DelegatingMethodAccessorImpl.invoke(Unknown Source) ~[na:1.8.0_77]
	at java.lang.reflect.Method.invoke(Unknown Source) ~[na:1.8.0_77]
	at org.eclipse.equinox.launcher.Main.invokeFramework(Main.java:669) [org.eclipse.equinox.launcher_1.3.100.v20150511-1540.jar:na]
	at org.eclipse.equinox.launcher.Main.basicRun(Main.java:608) [org.eclipse.equinox.launcher_1.3.100.v20150511-1540.jar:na]
	at org.eclipse.equinox.launcher.Main.run(Main.java:1515) [org.eclipse.equinox.launcher_1.3.100.v20150511-1540.jar:na]
